
2020-02-17 13:12:47.002 - Program started
2020-02-17 13:12:47.045 - Instantiating Dog
2020-02-17 13:12:47.046 - Instantiating Cat
2020-02-17 13:12:47.046 - Instantiating Bird
2020-02-17 13:12:47.052 - Naming the Dog 'Fido'
2020-02-17 13:12:47.054 - Naming the Cat 'Toonces'
2020-02-17 13:12:47.055 - Naming the Bird 'Tweety'
2020-02-17 13:12:47.056 - Program ended
2020-02-17 13:27:32.319 - Program started
2020-02-17 13:27:32.337 - Instantiating Dog
2020-02-17 13:27:32.338 - Instantiating Cat
2020-02-17 13:27:32.339 - Instantiating Bird
2020-02-17 13:27:32.342 - Naming the Dog 'Fido'
2020-02-17 13:27:32.343 - Naming the Cat 'Toonces'
2020-02-17 13:27:32.344 - Naming the Bird 'Tweety'
2020-02-17 13:27:32.345 - Program ended
2020-02-17 13:45:43.934 - Program started
2020-02-17 13:45:43.965 - Instantiating Dog
2020-02-17 13:45:43.966 - Instantiating Cat
2020-02-17 13:45:43.967 - Instantiating Bird
2020-02-17 13:45:43.973 - Naming the Dog 'Fido'
2020-02-17 13:45:43.974 - Naming the Cat 'Toonces'
2020-02-17 13:45:43.975 - Naming the Bird 'Tweety'
2020-02-17 13:45:43.976 - Program ended
2020-02-17 13:57:11.937 - Program started
2020-02-17 13:57:11.980 - Instantiating Dog
2020-02-17 13:57:11.981 - Instantiating Cat
2020-02-17 13:57:11.983 - Instantiating Bird
2020-02-17 13:57:11.990 - Naming the Dog 'Fido'
2020-02-17 13:57:11.992 - Naming the Cat 'Toonces'
2020-02-17 13:57:11.994 - Naming the Bird 'Tweety'
2020-02-17 13:57:11.995 - Program ended